P 82 4
P 514 4
P 564 7
P 33 8
P 1226 8
P 337 9
P 907 9
P 1270 13
P 1286 20
P 1290 20
P 52 23
P 791 24
P 651 25
P 115 30
P 406 34
P 1032 34
P 113 36
P 1250 45
P 20 46
P 500 48
P 822 52
P 1103 59
P 521 69
P 191 71
P 1225 71
P 592 75
P 699 76
P 701 77
P 1084 78
P 814 88
P 705 89
P 51 93
P 1087 96
P 725 99
P 872 99
P 1170 101
P 510 102
P 1193 103
P 343 105
P 996 112
P 1297 112
P 410 113
P 378 115
P 744 115
P 932 116
P 694 119
P 326 120
P 869 120
P 1389 125
P 1156 126
P 26 129
P 1175 135
P 300 137
P 556 139
P 595 147
P 1325 154
P 1094 158
P 1021 161
P 254 164
P 108 167
P 565 173
P 985 175
P 68 180
P 237 181
P 511 184
P 758 185
P 50 187
P 263 189
P 964 194
P 1248 196
P 245 211
P 491 216
P 179 218
P 355 220
P 740 220
P 801 220
P 1212 222
P 167 224
P 1064 226
P 1271 228
P 735 234
P 222 239
P 242 241
P 215 248
P 384 257
P 1093 258
P 46 261
P 9 263
P 621 263
P 739 264
P 1196 267
P 265 272
P 295 273
P 983 274
P 175 280
P 988 284
P 930 289
P 119 290
P 361 292
P 508 292
P 823 297
P 145 298
P 581 312
P 315 319
P 679 321
P 827 334
P 737 335
P 718 353
P 447 361
P 1211 361
P 227 362
P 256 364
P 270 370
P 93 376
P 506 384
P 294 390
P 313 393
P 345 397
P 1142 407
P 11 416
P 602 418
P 1288 435
P 859 440
P 303 450
P 647 450
P 951 454
P 650 464
P 898 466
P 239 467
P 240 467
P 812 472
P 93 473
P 618 481
P 1114 488
P 568 494
P 618 495
P 554 502
P 567 503
P 567 515
P 272 522
P 449 528
P 179 530
P 170 534
P 934 538
P 851 539
P 616 543
P 616 544
P 116 557
P 993 558
P 1057 563
P 186 564
P 1057 564
P 860 566
P 320 571
P 599 573
P 347 574
P 628 577
P 1387 577
P 1263 578
P 74 579
P 900 582
P 505 587
P 1111 588
P 1356 588
P 323 598
P 54 599
P 1305 600
P 1044 603
P 1043 604
P 666 607
P 711 607
P 1213 608
P 289 610
P 878 612
P 353 629
P 1323 629
P 739 632
P 272 637
P 1248 637
P 712 642
P 679 645
P 277 646
P 807 652
P 298 654
P 1224 654
P 1102 661
P 1386 665
P 1179 666
P 262 679
P 1260 686
P 1251 688
P 528 700
P 1264 700
P 1023 701
P 753 703
P 172 708
P 583 708
P 989 710
P 821 711
P 822 711
P 1184 718
P 1118 719
P 1327 719
P 494 725
P 544 730
P 1132 731
P 1056 736
P 1328 739
P 1079 748
P 1079 749
P 185 751
P 129 754
P 607 754
P 129 755
P 87 765
P 1033 765
P 439 768
P 292 770
P 535 781
P 1219 782
P 697 784
P 749 784
P 1212 786
P 33 788
P 129 788
P 1388 800
P 874 801
P 821 802
P 1245 802
P 487 803
P 916 805
P 241 819
P 1024 819
P 288 820
P 630 820
P 1089 824
P 1320 827
P 580 829
P 34 832
P 1109 833
P 1110 833
P 486 838
P 486 839
P 873 848
P 1023 849
P 1078 851
P 975 855
P 1026 861
P 1232 870
P 150 872
P 658 876
P 17 891
P 1283 897
P 716 902
P 933 903
P 1157 903
P 1050 906
P 1299 912
P 626 914
P 968 925
P 920 926
P 1284 927
P 834 928
P 1096 930
P 799 932
P 337 935
P 1380 941
P 1380 942
P 344 949
P 760 950
P 1060 951
P 56 956
P 994 958
P 996 961
P 1103 961
P 58 965
P 175 965
P 1205 968
P 720 969
P 1321 969
P 865 974
P 597 981
P 307 982
P 1043 982
P 649 984
P 39 985
P 1177 997
P 41 1005
P 1006 1006
P 158 1016
P 232 1021
P 983 1022
P 1355 1022
P 1207 1027
P 560 1029
P 695 1035
